[debug] [2021-03-20T10:59:04.762Z] ----------------------------------------------------------------------
[debug] [2021-03-20T10:59:04.769Z] Command:       C:\Program Files\nodejs\node.exe C:\Users\Cavendish\AppData\Roaming\npm\node_modules\firebase-tools\lib\bin\firebase.js init
[debug] [2021-03-20T10:59:04.770Z] CLI Version:   9.6.1
[debug] [2021-03-20T10:59:04.771Z] Platform:      win32
[debug] [2021-03-20T10:59:04.771Z] Node Version:  v15.10.0
[debug] [2021-03-20T10:59:04.773Z] Time:          Sat Mar 20 2021 15:59:04 GMT+0500 (Pakistan Standard Time)
[debug] [2021-03-20T10:59:04.774Z] ----------------------------------------------------------------------
[debug] [2021-03-20T10:59:04.774Z] 
[debug] [2021-03-20T10:59:04.833Z] > command requires scopes: ["email","openid","https://www.googleapis.com/auth/cloudplatformprojects.readonly","https://www.googleapis.com/auth/firebase","https://www.googleapis.com/auth/cloud-platform"]
[debug] [2021-03-20T10:59:04.836Z] > authorizing via signed-in user
[info] 
     ######## #### ########  ######## ########     ###     ######  ########
     ##        ##  ##     ## ##       ##     ##  ##   ##  ##       ##
     ######    ##  ########  ######   ########  #########  ######  ######
     ##        ##  ##    ##  ##       ##     ## ##     ##       ## ##
     ##       #### ##     ## ######## ########  ##     ##  ######  ########

You're about to initialize a Firebase project in this directory:

  F:\Work\React\Thapa\thapa-responsive-react

Before we get started, keep in mind:

  * You are initializing in an existing Firebase project directory

